     1                                  ;progran to add three numbers accessed using a single label
     2                                  
     3                                  
     4                                  [org 0x0100]
     5                                  
     6 00000000 A1[1700]                    mov ax,[num1]
     7                                  
     8 00000003 8B1E[1900]                  mov bx , [num1 + 2]
     9 00000007 01D8                        add ax , bx
    10 00000009 031E[1B00]                   add bx , [num1 + 4]
    11 0000000D 01D8                         add ax , bx
    12                                  
    13 0000000F A3[1D00]                     mov [num1 + 6], ax   ; store sum at num1+6
    14                                  
    15 00000012 B8004C                       mov ax , 0x4c00
    16 00000015 CD21                         int 0x21
    17                                  
    18                                  
    19                                  
    20 00000017 0500                    num1: dw 5
    21 00000019 0A00                     dw 10
    22 0000001B 0F00                     dw 15
    23 0000001D 0000                     dw 0
